A51 MACRO ASSEMBLER  16BITNOADDRESULT16BIT                                                07/16/2024 02:43:34 PAGE     1


MACRO ASSEMBLER A51 V8.2.7.0
OBJECT MODULE PLACED IN .\Objects\16bitNoAddResult16bit.obj
ASSEMBLER INVOKED BY: D:\Keil_v5\C51\BIN\A51.EXE 16bitNoAddResult16bit.a51 SET(SMALL) DEBUG PRINT(.\Listings\16bitNoAddR
                      esult16bit.lst) OBJECT(.\Objects\16bitNoAddResult16bit.obj) EP

LOC  OBJ            LINE     SOURCE

                       1     ;Add of two 16 bit numbers sum is 16 bit (abcdh,ffeh)
0000 7820              2     mov r0,#20h
0002 7930              3     mov r1,#30h
0004 E6                4     mov a,@r0
0005 27                5     add a,@r1
0006 F7                6     mov @r1,a
0007 09                7     inc r1
0008 08                8     inc r0
0009 E6                9     mov a,@r0
000A 37               10     addc a,@r1
000B F7               11     mov @r1,a
000C 09               12     inc r1
000D 7400             13     mov a,#00h
000F 3400             14     addc a,#00h
0011 F7               15     mov @r1,a
                      16     end
A51 MACRO ASSEMBLER  16BITNOADDRESULT16BIT                                                07/16/2024 02:43:34 PAGE     2

SYMBOL TABLE LISTING
------ ----- -------


N A M E             T Y P E  V A L U E   ATTRIBUTES



REGISTER BANK(S) USED: 0 


ASSEMBLY COMPLETE.  0 WARNING(S), 0 ERROR(S)
