A51 MACRO ASSEMBLER  ROOTOFQUADRATICEQUATION                                              07/12/2024 22:28:12 PAGE     1


MACRO ASSEMBLER A51 V8.2.7.0
OBJECT MODULE PLACED IN .\Objects\RootofQuadraticEquation.obj
ASSEMBLER INVOKED BY: D:\Keil_v5\C51\BIN\A51.EXE RootofQuadraticEquation.a51 SET(SMALL) DEBUG PRINT(.\Listings\RootofQua
                      draticEquation.lst) OBJECT(.\Objects\RootofQuadraticEquation.obj) EP

LOC  OBJ            LINE     SOURCE

                       1     ;finding the root of quadratic equation x^2-2x-4=0
                       2     ;a=(+2+root(2^2-4.1(-4)))/2.4
                       3     ;b=(+2-root(2^2-4.1(-4)))/2.4
                       4     
0000 7414              5     mov a,#20d;r1<-2^2-4.1(-4)
0002 7901              6     mov r1,#01h
0004 7A00              7     mov r2,#00h
0006 99                8     loop:subb a,r1;a<-a-r1
0007 4005              9             jc next;carry set ie neg,jump to next
0009 0A               10             inc r2;r2++
000A 09               11             inc r1;r1++
000B 09               12             inc r1;r1++
000C 50F8             13             jnc loop
000E C3               14     next:clr c
000F 7402             15     mov a,#2h;a<-2
0011 9A               16     subb a,r2
0012 75F008           17     mov b,#08h;b<-08h
0015 84               18     div ab ; a<-a/b b<-a%b
0016 7820             19     mov r0,#20h;r0<-20h
0018 F6               20     mov @r0,a; m((r1))<-a
                      21     
0019 C3               22     clr c
001A 7402             23     mov a,#2h;a<-2
001C 2A               24     add a,r2
001D 75F008           25     mov b,#08h;b<-08h
0020 84               26     div ab
0021 7830             27     mov r0,#30h;r0<-30h
0023 F6               28     mov @r0,a; m((r1))<-a
                      29     end
A51 MACRO ASSEMBLER  ROOTOFQUADRATICEQUATION                                              07/12/2024 22:28:12 PAGE     2

SYMBOL TABLE LISTING
------ ----- -------


N A M E             T Y P E  V A L U E   ATTRIBUTES

B. . . . . . . . .  D ADDR   00F0H   A   
LOOP . . . . . . .  C ADDR   0006H   A   
NEXT . . . . . . .  C ADDR   000EH   A   


REGISTER BANK(S) USED: 0 


ASSEMBLY COMPLETE.  0 WARNING(S), 0 ERROR(S)
