A51 MACRO ASSEMBLER  UNPACKEDTOPACKEDBCD                                                  06/14/2024 21:58:23 PAGE     1


MACRO ASSEMBLER A51 V8.2.7.0
OBJECT MODULE PLACED IN .\Objects\UnpackedToPackedBCD.obj
ASSEMBLER INVOKED BY: D:\Keil_v5\C51\BIN\A51.EXE UnpackedToPackedBCD.a51 SET(SMALL) DEBUG PRINT(.\Listings\UnpackedToPac
                      kedBCD.lst) OBJECT(.\Objects\UnpackedToPackedBCD.obj) EP

LOC  OBJ            LINE     SOURCE

0000 7930              1     mov r1,#30h     ;r1<-30h msb
0002 E7                2     mov a,@r1       ;a<-M//r1
0003 C4                3     swap a          ;swap nibbles of a              
0004 09                4     inc r1          ;r1++
0005 27                5     add a,@r1       ;a+<-M//r1 lsb
0006 7920              6     mov r1,#20h     ;r1<-20h
0008 F7                7     mov @r1,a       ;M//r1<-a
                       8     end
A51 MACRO ASSEMBLER  UNPACKEDTOPACKEDBCD                                                  06/14/2024 21:58:23 PAGE     2

SYMBOL TABLE LISTING
------ ----- -------


N A M E             T Y P E  V A L U E   ATTRIBUTES



REGISTER BANK(S) USED: 0 


ASSEMBLY COMPLETE.  0 WARNING(S), 0 ERROR(S)
