A51 MACRO ASSEMBLER  USEOFDPTR                                                            07/16/2024 05:49:54 PAGE     1


MACRO ASSEMBLER A51 V8.2.7.0
NO OBJECT MODULE REQUESTED
ASSEMBLER INVOKED BY: D:\Keil_v5\C51\BIN\A51.EXE UseOfDPTR.a51 SET(SMALL) DEBUG PRINT(.\Listings\UseOfDPTR.lst) OBJECT(.
                      \Objects\UseOfDPTR.obj) EP

LOC  OBJ            LINE     SOURCE

                       1     ;Swap 4 MSBs with 4 LSBs in Accumulator and store in 9100H memory location.
0000 7400              2     mov a,#0fe
*** _________________________________^
*** ERROR #A1 IN 2 (UseOfDPTR.a51, LINE 2): ILLEGAL CHARACTER IN NUMERIC CONSTANT
0002 C4                3     swap a
0003 909100            4     mov DPTR,#9100h
0006 F0                5     movx @DPTR,a
                       6     end
A51 MACRO ASSEMBLER  USEOFDPTR                                                            07/16/2024 05:49:54 PAGE     2

SYMBOL TABLE LISTING
------ ----- -------


N A M E             T Y P E  V A L U E   ATTRIBUTES



REGISTER BANK(S) USED: 0 


ASSEMBLY COMPLETE.  0 WARNING(S), 1 ERROR(S)
